****                   ADMIXTURE Version 1.3.0                  ****
****                    Copyright 2008-2015                     ****
****           David Alexander, Suyash Shringarpure,            ****
****                John  Novembre, Ken Lange                   ****
****                                                            ****
****                 Please cite our paper!                     ****
****   Information at www.genetics.ucla.edu/software/admixture  ****

Parallel execution requested.  Will use 25 threads.
Random seed: 1
Point estimation method: Block relaxation algorithm
Convergence acceleration algorithm: QuasiNewton, 3 secant conditions
Point estimation will terminate when objective function delta < 0.0001
Estimation of standard errors disabled; will compute point estimates only.
Size of G: 2756x162645
Performing five EM steps to prime main algorithm
1 (EM) 	Elapsed: 109.698	Loglikelihood: -4.63069e+08	(delta): 2.00258e+08
2 (EM) 	Elapsed: 114.608	Loglikelihood: -4.5179e+08	(delta): 1.12791e+07
3 (EM) 	Elapsed: 118.088	Loglikelihood: -4.49329e+08	(delta): 2.4612e+06
4 (EM) 	Elapsed: 117.676	Loglikelihood: -4.47892e+08	(delta): 1.43678e+06
5 (EM) 	Elapsed: 119.035	Loglikelihood: -4.46821e+08	(delta): 1.07071e+06
Initial loglikelihood: -4.46821e+08
Starting main algorithm
1 (QN/Block) 	Elapsed: 217.011	Loglikelihood: -4.18195e+08	(delta): 2.86262e+07
2 (QN/Block) 	Elapsed: 216.719	Loglikelihood: -4.12039e+08	(delta): 6.1567e+06
3 (QN/Block) 	Elapsed: 212.141	Loglikelihood: -4.09695e+08	(delta): 2.34319e+06
4 (QN/Block) 	Elapsed: 216.032	Loglikelihood: -4.08769e+08	(delta): 926274
5 (QN/Block) 	Elapsed: 222.874	Loglikelihood: -4.08596e+08	(delta): 173544
6 (QN/Block) 	Elapsed: 220.345	Loglikelihood: -4.08414e+08	(delta): 181102
7 (QN/Block) 	Elapsed: 217.963	Loglikelihood: -4.08289e+08	(delta): 125689
8 (QN/Block) 	Elapsed: 221.795	Loglikelihood: -4.082e+08	(delta): 89131.8
9 (QN/Block) 	Elapsed: 222.483	Loglikelihood: -4.08106e+08	(delta): 93663.2
10 (QN/Block) 	Elapsed: 223.606	Loglikelihood: -4.08012e+08	(delta): 94430.9
11 (QN/Block) 	Elapsed: 225.218	Loglikelihood: -4.07971e+08	(delta): 41003.7
12 (QN/Block) 	Elapsed: 223.148	Loglikelihood: -4.07947e+08	(delta): 23080
13 (QN/Block) 	Elapsed: 219.72	Loglikelihood: -4.07915e+08	(delta): 32595.2
14 (QN/Block) 	Elapsed: 220.073	Loglikelihood: -4.079e+08	(delta): 15013.5
15 (QN/Block) 	Elapsed: 219.938	Loglikelihood: -4.07891e+08	(delta): 8811.2
16 (QN/Block) 	Elapsed: 216.696	Loglikelihood: -4.07886e+08	(delta): 4893.71
17 (QN/Block) 	Elapsed: 219.088	Loglikelihood: -4.07882e+08	(delta): 4176.21
18 (QN/Block) 	Elapsed: 217.811	Loglikelihood: -4.07877e+08	(delta): 5195.29
19 (QN/Block) 	Elapsed: 216.391	Loglikelihood: -4.07873e+08	(delta): 4179.58
20 (QN/Block) 	Elapsed: 215.541	Loglikelihood: -4.0787e+08	(delta): 2834
21 (QN/Block) 	Elapsed: 214.739	Loglikelihood: -4.07868e+08	(delta): 1605.27
22 (QN/Block) 	Elapsed: 216.253	Loglikelihood: -4.07867e+08	(delta): 659
23 (QN/Block) 	Elapsed: 218.245	Loglikelihood: -4.07867e+08	(delta): 105.873
24 (QN/Block) 	Elapsed: 218.8	Loglikelihood: -4.07867e+08	(delta): 141.44
25 (QN/Block) 	Elapsed: 214.97	Loglikelihood: -4.07867e+08	(delta): 54.2482
26 (QN/Block) 	Elapsed: 216.857	Loglikelihood: -4.07867e+08	(delta): 43.1099
27 (QN/Block) 	Elapsed: 216.454	Loglikelihood: -4.07867e+08	(delta): 14.9634
28 (QN/Block) 	Elapsed: 221.108	Loglikelihood: -4.07867e+08	(delta): 10.8093
29 (QN/Block) 	Elapsed: 217.901	Loglikelihood: -4.07867e+08	(delta): 5.22694
30 (QN/Block) 	Elapsed: 214.755	Loglikelihood: -4.07867e+08	(delta): 4.06843
31 (QN/Block) 	Elapsed: 217.571	Loglikelihood: -4.07867e+08	(delta): 1.95492
32 (QN/Block) 	Elapsed: 218.951	Loglikelihood: -4.07867e+08	(delta): 1.89836
33 (QN/Block) 	Elapsed: 216.056	Loglikelihood: -4.07867e+08	(delta): 0.952275
34 (QN/Block) 	Elapsed: 216.591	Loglikelihood: -4.07867e+08	(delta): 0.658807
35 (QN/Block) 	Elapsed: 215.746	Loglikelihood: -4.07867e+08	(delta): 0.400473
36 (QN/Block) 	Elapsed: 218.204	Loglikelihood: -4.07867e+08	(delta): 0.444513
37 (QN/Block) 	Elapsed: 218.816	Loglikelihood: -4.07867e+08	(delta): 0.173458
38 (QN/Block) 	Elapsed: 216.854	Loglikelihood: -4.07867e+08	(delta): 0.063349
39 (QN/Block) 	Elapsed: 220.402	Loglikelihood: -4.07867e+08	(delta): 0.00714499
40 (QN/Block) 	Elapsed: 214.855	Loglikelihood: -4.07867e+08	(delta): 0.0249115
41 (QN/Block) 	Elapsed: 218.052	Loglikelihood: -4.07867e+08	(delta): 0.000449777
42 (QN/Block) 	Elapsed: 217.433	Loglikelihood: -4.07867e+08	(delta): 0.00015074
43 (QN/Block) 	Elapsed: 219.213	Loglikelihood: -4.07867e+08	(delta): 1.33514e-05
Summary: 
Converged in 43 iterations (9998.87 sec)
Loglikelihood: -407867105.304089
Fst divergences between estimated populations: 
	Pop0	Pop1	Pop2	Pop3	Pop4	Pop5	
Pop0	
Pop1	0.216	
Pop2	0.109	0.157	
Pop3	0.124	0.151	0.079	
Pop4	0.159	0.181	0.116	0.060	
Pop5	0.137	0.171	0.102	0.043	0.043	
Pop6	0.200	0.208	0.155	0.126	0.135	0.140	
Writing output files.
